time="2025-03-25 16:44:23" level=info msg="ProductService load 1 product images OK.\n"
time="2025-03-25 16:45:18" level=info msg="ProductService load 1 product images OK.\n"
time="2025-03-25 16:46:49" level=info msg="ProductService load 1 product images OK.\n"
time="2025-03-25 16:54:23" level=info msg=enter1
time="2025-03-25 16:56:44" level=info msg=enter1
time="2025-03-25 16:57:31" level=info msg=enter1
time="2025-03-25 18:09:39" level=info msg=enter1
time="2025-03-25 18:10:15" level=info msg=enter1
time="2025-03-25 18:11:23" level=info msg=enter1
time="2025-03-25 18:14:08" level=info msg=enter1
time="2025-03-25 18:16:03" level=info msg=enter1
time="2025-03-25 18:16:03" level=info msg="basePath:  ./static/imgs/product/boss2/"
time="2025-03-25 18:16:03" level=info msg="productPath:  ./static/imgs/product/boss2/电脑.jpg"
time="2025-03-25 18:16:03" level=info msg="basePath:  ./static/imgs/product/boss2/"
time="2025-03-25 18:16:03" level=info msg="productPath:  ./static/imgs/product/boss2/电脑0.jpg"
time="2025-03-25 18:16:03" level=info msg="ProductService load 1 product images OK.\n"
time="2025-03-25 18:20:13" level=info msg="Favorite Service func Create in productDao.GetProductById:  record not found"
time="2025-03-25 18:27:01" level=info msg="Favorite Service Create: product id != boss id"
time="2025-03-25 18:35:35" level=info msg="Favorite Service Delete:  1"
time="2025-03-25 18:44:02" level=info msg="Favorite Service Delete:  1"
time="2025-03-25 18:44:02" level=info msg="Favorite Service func Delete in favoriteDao.DeleteFavorite:  50002"
time="2025-03-25 18:44:08" level=info msg="Favorite Service Delete:  2"
time="2025-03-25 18:44:08" level=info msg="Favorite Service func Delete in favoriteDao.DeleteFavorite:  50002"
